<?xml version="1.0" encoding="UTF-8"?>
<testsuite name="hello.helloSpring.HelloSpringApplicationTests" tests="1" skipped="0" failures="0" errors="0" timestamp="2023-12-18T01:18:59" hostname="an-yohan-ui-MacBookPro-7.local" time="0.465">
  <properties/>
  <testcase name="contextLoads()" classname="hello.helloSpring.HelloSpringApplicationTests" time="0.465"/>
  <system-out><![CDATA[10:18:58.707 [Test worker] INFO org.springframework.test.context.support.AnnotationConfigContextLoaderUtils -- Could not detect default configuration classes for test class [hello.helloSpring.HelloSpringApplicationTests]: HelloSpringApplicationTests does not declare any static, non-private, non-final, nested classes annotated with @Configuration.
10:18:58.756 [Test worker] INFO org.springframework.boot.test.context.SpringBootTestContextBootstrapper -- Found @SpringBootConfiguration hello.helloSpring.HelloSpringApplication for test class hello.helloSpring.HelloSpringApplicationTests

  .   ____          _            __ _ _
 /\\ / ___'_ __ _ _(_)_ __  __ _ \ \ \ \
( ( )\___ | '_ | '_| | '_ \/ _` | \ \ \ \
 \\/  ___)| |_)| | | | | || (_| |  ) ) ) )
  '  |____| .__|_| |_|_| |_\__, | / / / /
 =========|_|==============|___/=/_/_/_/
 :: Spring Boot ::                (v3.2.0)

2023-12-18T10:18:58.937+09:00  INFO 9866 --- [    Test worker] h.h.HelloSpringApplicationTests          : Starting HelloSpringApplicationTests using Java 17.0.3.1 with PID 9866 (started by an-yohan in /Users/an-yohan/Desktop/Spring/hello-Spring)
2023-12-18T10:18:58.938+09:00  INFO 9866 --- [    Test worker] h.h.HelloSpringApplicationTests          : No active profile set, falling back to 1 default profile: "default"
2023-12-18T10:18:59.362+09:00  INFO 9866 --- [    Test worker] o.s.b.a.w.s.WelcomePageHandlerMapping    : Adding welcome page: class path resource [static/index.html]
2023-12-18T10:18:59.500+09:00  INFO 9866 --- [    Test worker] h.h.HelloSpringApplicationTests          : Started HelloSpringApplicationTests in 0.676 seconds (process running for 1.218)
]]></system-out>
  <system-err><![CDATA[]]></system-err>
</testsuite>
